<?xml version="1.0" encoding="UTF-8"?>
<testsuite xmlns:xsi="http://www.w3.org/2001/XMLSchema-instance" xsi:noNamespaceSchemaLocation="https://maven.apache.org/surefire/maven-surefire-plugin/xsd/surefire-test-report-3.0.xsd" version="3.0" name="com.healthtrack.bmi.integration.BmiIntegrationTest" time="13.261" tests="7" errors="0" skipped="0" failures="0">
  <properties>
[...]
</properties>
  <testcase name="testPublicBmiCalculationAndDeduplication" classname="com.healthtrack.bmi.integration.BmiIntegrationTest" time="1.026">
    <system-out><![CDATA[15:56:34.394 [main] INFO org.springframework.test.context.support.AnnotationConfigContextLoaderUtils -- Could not detect default configuration classes for test class [com.healthtrack.bmi.integration.BmiIntegrationTest]: BmiIntegrationTest does not declare any static, non-private, non-final, nested classes annotated with @Configuration.
15:56:34.524 [main] INFO org.springframework.boot.test.context.SpringBootTestContextBootstrapper -- Found @SpringBootConfiguration com.healthtrack.bmi.HealthTrackBmiApplication for test class com.healthtrack.bmi.integration.BmiIntegrationTest
  .   ____          _            __ _ _
 /\\ / ___'_ __ _ _(_)_ __  __ _ \ \ \ \
( ( )\___ | '_ | '_| | '_ \/ _` | \ \ \ \
 \\/  ___)| |_)| | | | | || (_| |  ) ) ) )
  '  |____| .__|_| |_|_| |_\__, | / / / /
 =========|_|==============|___/=/_/_/_/

 :: Spring Boot ::                (v3.3.0)

2026-06-19T15:56:35.035+05:30  INFO 13368 --- [healthtrack-bmi] [           main] c.h.bmi.integration.BmiIntegrationTest   : Starting BmiIntegrationTest using Java 25.0.2 with PID 13368 (started by janas in D:\BMI_CALCULATOR)
2026-06-19T15:56:35.036+05:30  INFO 13368 --- [healthtrack-bmi] [           main] c.h.bmi.integration.BmiIntegrationTest   : The following 1 profile is active: "test"
2026-06-19T15:56:36.785+05:30  INFO 13368 --- [healthtrack-bmi] [           main] .s.d.r.c.RepositoryConfigurationDelegate : Bootstrapping Spring Data JPA repositories in DEFAULT mode.
2026-06-19T15:56:36.928+05:30  INFO 13368 --- [healthtrack-bmi] [           main] .s.d.r.c.RepositoryConfigurationDelegate : Finished Spring Data repository scanning in 130 ms. Found 4 JPA repository interfaces.
2026-06-19T15:56:38.259+05:30  INFO 13368 --- [healthtrack-bmi] [           main] com.zaxxer.hikari.HikariDataSource       : HikariPool-1 - Starting...
2026-06-19T15:56:38.497+05:30  INFO 13368 --- [healthtrack-bmi] [           main] com.zaxxer.hikari.pool.HikariPool        : HikariPool-1 - Added connection conn0: url=jdbc:h2:mem:testdb user=SA
2026-06-19T15:56:38.499+05:30  INFO 13368 --- [healthtrack-bmi] [           main] com.zaxxer.hikari.HikariDataSource       : HikariPool-1 - Start completed.
2026-06-19T15:56:38.567+05:30  INFO 13368 --- [healthtrack-bmi] [           main] org.flywaydb.core.FlywayExecutor         : Database: jdbc:h2:mem:testdb (H2 2.2)
2026-06-19T15:56:38.574+05:30  WARN 13368 --- [healthtrack-bmi] [           main] o.f.c.internal.database.base.Database    : Flyway upgrade recommended: H2 2.2.224 is newer than this version of Flyway and support has not been tested. The latest supported version of H2 is 2.2.220.
2026-06-19T15:56:38.609+05:30  INFO 13368 --- [healthtrack-bmi] [           main] o.f.c.i.s.JdbcTableSchemaHistory         : Schema history table "public"."flyway_schema_history" does not exist yet
2026-06-19T15:56:38.611+05:30  INFO 13368 --- [healthtrack-bmi] [           main] o.f.core.internal.command.DbValidate     : Successfully validated 1 migration (execution time 00:00.026s)
2026-06-19T15:56:38.619+05:30  INFO 13368 --- [healthtrack-bmi] [           main] o.f.c.i.s.JdbcTableSchemaHistory         : Creating Schema History table "public"."flyway_schema_history" ...
2026-06-19T15:56:38.656+05:30  INFO 13368 --- [healthtrack-bmi] [           main] o.f.core.internal.command.DbMigrate      : Current version of schema "public": << Empty Schema >>
2026-06-19T15:56:38.667+05:30  INFO 13368 --- [healthtrack-bmi] [           main] o.f.core.internal.command.DbMigrate      : Migrating schema "public" to version "1 - init"
2026-06-19T15:56:38.710+05:30  INFO 13368 --- [healthtrack-bmi] [           main] o.f.core.internal.command.DbMigrate      : Successfully applied 1 migration to schema "public", now at version v1 (execution time 00:00.026s)
2026-06-19T15:56:38.876+05:30  INFO 13368 --- [healthtrack-bmi] [           main] o.hibernate.jpa.internal.util.LogHelper  : HHH000204: Processing PersistenceUnitInfo [name: default]
2026-06-19T15:56:38.959+05:30  INFO 13368 --- [healthtrack-bmi] [           main] org.hibernate.Version                    : HHH000412: Hibernate ORM core version 6.5.2.Final
2026-06-19T15:56:39.012+05:30  INFO 13368 --- [healthtrack-bmi] [           main] o.h.c.internal.RegionFactoryInitiator    : HHH000026: Second-level cache disabled
2026-06-19T15:56:39.409+05:30  INFO 13368 --- [healthtrack-bmi] [           main] o.s.o.j.p.SpringPersistenceUnitInfo      : No LoadTimeWeaver setup: ignoring JPA class transformer
2026-06-19T15:56:39.469+05:30  WARN 13368 --- [healthtrack-bmi] [           main] org.hibernate.orm.deprecation            : HHH90000025: H2Dialect does not need to be specified explicitly using 'hibernate.dialect' (remove the property setting and it will be selected by default)
2026-06-19T15:56:40.835+05:30  INFO 13368 --- [healthtrack-bmi] [           main] o.h.e.t.j.p.i.JtaPlatformInitiator       : HHH000489: No JTA platform available (set 'hibernate.transaction.jta.platform' to enable JTA platform integration)
2026-06-19T15:56:40.856+05:30  INFO 13368 --- [healthtrack-bmi] [           main] j.LocalContainerEntityManagerFactoryBean : Initialized JPA EntityManagerFactory for persistence unit 'default'
2026-06-19T15:56:41.593+05:30  INFO 13368 --- [healthtrack-bmi] [           main] o.s.d.j.r.query.QueryEnhancerFactory     : Hibernate is in classpath; If applicable, HQL parser will be used.
2026-06-19T15:56:43.068+05:30  INFO 13368 --- [healthtrack-bmi] [           main] r$InitializeUserDetailsManagerConfigurer : Global AuthenticationManager configured with UserDetailsService bean with name userDetailsServiceImpl
2026-06-19T15:56:43.830+05:30  INFO 13368 --- [healthtrack-bmi] [           main] o.s.b.a.e.web.EndpointLinksResolver      : Exposing 2 endpoints beneath base path '/actuator'
2026-06-19T15:56:43.949+05:30  INFO 13368 --- [healthtrack-bmi] [           main] o.s.s.web.DefaultSecurityFilterChain     : Will secure any request with [org.springframework.security.web.session.DisableEncodeUrlFilter@6bf666e0, org.springframework.security.web.context.request.async.WebAsyncManagerIntegrationFilter@25e0a88c, org.springframework.security.web.context.SecurityContextHolderFilter@650d0a90, org.springframework.security.web.header.HeaderWriterFilter@2de833e4, org.springframework.web.filter.CorsFilter@6ce940d, org.springframework.security.web.authentication.logout.LogoutFilter@17b83c7e, com.healthtrack.bmi.security.JwtAuthenticationFilter@57421e4e, org.springframework.security.web.savedrequest.RequestCacheAwareFilter@7ab9d59f, org.springframework.security.web.servletapi.SecurityContextHolderAwareRequestFilter@204e7223, org.springframework.security.web.authentication.AnonymousAuthenticationFilter@34da2b4a, org.springframework.security.web.session.SessionManagementFilter@30a9a7f3, org.springframework.security.web.access.ExceptionTranslationFilter@4bf5a656, org.springframework.security.web.access.intercept.AuthorizationFilter@6f6ce71d]
2026-06-19T15:56:44.883+05:30  INFO 13368 --- [healthtrack-bmi] [           main] o.s.b.t.m.w.SpringBootMockServletContext : Initializing Spring TestDispatcherServlet ''
2026-06-19T15:56:44.884+05:30  INFO 13368 --- [healthtrack-bmi] [           main] o.s.t.web.servlet.TestDispatcherServlet  : Initializing Servlet ''
2026-06-19T15:56:44.886+05:30  INFO 13368 --- [healthtrack-bmi] [           main] o.s.t.web.servlet.TestDispatcherServlet  : Completed initialization in 2 ms
2026-06-19T15:56:45.006+05:30  INFO 13368 --- [healthtrack-bmi] [           main] c.h.bmi.integration.BmiIntegrationTest   : Started BmiIntegrationTest in 10.335 seconds (process running for 11.585)
]]></system-out>
  </testcase>
  <testcase name="testGeneratePdfReportSuccessfully" classname="com.healthtrack.bmi.integration.BmiIntegrationTest" time="0.527"/>
  <testcase name="testDoctorRegistrationAndSingleDoctorEnforcement" classname="com.healthtrack.bmi.integration.BmiIntegrationTest" time="0.14"/>
  <testcase name="testAuthorizationForProtectedEndpoints" classname="com.healthtrack.bmi.integration.BmiIntegrationTest" time="0.195">
    <system-out><![CDATA[2026-06-19T15:56:46.999+05:30  WARN 13368 --- [healthtrack-bmi] [           main] PageModule$PlainPageSerializationWarning : Serializing PageImpl instances as-is is not supported, meaning that there is no guarantee about the stability of the resulting JSON structure!
	For a stable JSON structure, please use Spring Data's PagedModel (globally via @EnableSpringDataWebSupport(pageSerializationMode = VIA_DTO))
	or Spring HATEOAS and Spring Data's PagedResourcesAssembler as documented in https://docs.spring.io/spring-data/commons/reference/repositories/core-extensions.html#core.web.pageables.

]]></system-out>
  </testcase>
  <testcase name="testDoctorLoginFlow" classname="com.healthtrack.bmi.integration.BmiIntegrationTest" time="0.247"/>
  <testcase name="testPatientSoftDeleteAndRestore" classname="com.healthtrack.bmi.integration.BmiIntegrationTest" time="0.182"/>
  <testcase name="testDuplicatePhoneNumberConcurrency" classname="com.healthtrack.bmi.integration.BmiIntegrationTest" time="0.034">
    <system-out><![CDATA[2026-06-19T15:56:47.477+05:30  WARN 13368 --- [healthtrack-bmi] [pool-2-thread-3] o.h.engine.jdbc.spi.SqlExceptionHelper   : SQL Error: 23505, SQLState: 23505
2026-06-19T15:56:47.477+05:30  WARN 13368 --- [healthtrack-bmi] [pool-2-thread-4] o.h.engine.jdbc.spi.SqlExceptionHelper   : SQL Error: 23505, SQLState: 23505
2026-06-19T15:56:47.477+05:30  WARN 13368 --- [healthtrack-bmi] [pool-2-thread-2] o.h.engine.jdbc.spi.SqlExceptionHelper   : SQL Error: 23505, SQLState: 23505
2026-06-19T15:56:47.477+05:30 ERROR 13368 --- [healthtrack-bmi] [pool-2-thread-3] o.h.engine.jdbc.spi.SqlExceptionHelper   : Unique index or primary key violation: "public.CONSTRAINT_INDEX_4 ON public.patients(phone_number NULLS FIRST) VALUES ( /* 4 */ '9999999999' )"; SQL statement:
insert into patients (age,created_at,deleted_at,gender,is_active,name,phone_number,updated_at,id) values (?,?,?,?,?,?,?,?,?) [23505-224]
2026-06-19T15:56:47.477+05:30 ERROR 13368 --- [healthtrack-bmi] [pool-2-thread-4] o.h.engine.jdbc.spi.SqlExceptionHelper   : Unique index or primary key violation: "public.CONSTRAINT_INDEX_4 ON public.patients(phone_number NULLS FIRST) VALUES ( /* 4 */ '9999999999' )"; SQL statement:
insert into patients (age,created_at,deleted_at,gender,is_active,name,phone_number,updated_at,id) values (?,?,?,?,?,?,?,?,?) [23505-224]
2026-06-19T15:56:47.477+05:30 ERROR 13368 --- [healthtrack-bmi] [pool-2-thread-2] o.h.engine.jdbc.spi.SqlExceptionHelper   : Unique index or primary key violation: "public.CONSTRAINT_INDEX_4 ON public.patients(phone_number NULLS FIRST) VALUES ( /* 4 */ '9999999999' )"; SQL statement:
insert into patients (age,created_at,deleted_at,gender,is_active,name,phone_number,updated_at,id) values (?,?,?,?,?,?,?,?,?) [23505-224]
2026-06-19T15:56:47.483+05:30 ERROR 13368 --- [healthtrack-bmi] [pool-2-thread-2] c.h.b.exception.GlobalExceptionHandler   : Database integrity violation: could not execute statement [Unique index or primary key violation: "public.CONSTRAINT_INDEX_4 ON public.patients(phone_number NULLS FIRST) VALUES ( /* 4 */ '9999999999' )"; SQL statement:
insert into patients (age,created_at,deleted_at,gender,is_active,name,phone_number,updated_at,id) values (?,?,?,?,?,?,?,?,?) [23505-224]] [insert into patients (age,created_at,deleted_at,gender,is_active,name,phone_number,updated_at,id) values (?,?,?,?,?,?,?,?,?)]; SQL [insert into patients (age,created_at,deleted_at,gender,is_active,name,phone_number,updated_at,id) values (?,?,?,?,?,?,?,?,?)]; constraint [public.CONSTRAINT_INDEX_4]
2026-06-19T15:56:47.483+05:30 ERROR 13368 --- [healthtrack-bmi] [pool-2-thread-4] c.h.b.exception.GlobalExceptionHandler   : Database integrity violation: could not execute statement [Unique index or primary key violation: "public.CONSTRAINT_INDEX_4 ON public.patients(phone_number NULLS FIRST) VALUES ( /* 4 */ '9999999999' )"; SQL statement:
insert into patients (age,created_at,deleted_at,gender,is_active,name,phone_number,updated_at,id) values (?,?,?,?,?,?,?,?,?) [23505-224]] [insert into patients (age,created_at,deleted_at,gender,is_active,name,phone_number,updated_at,id) values (?,?,?,?,?,?,?,?,?)]; SQL [insert into patients (age,created_at,deleted_at,gender,is_active,name,phone_number,updated_at,id) values (?,?,?,?,?,?,?,?,?)]; constraint [public.CONSTRAINT_INDEX_4]
2026-06-19T15:56:47.483+05:30 ERROR 13368 --- [healthtrack-bmi] [pool-2-thread-3] c.h.b.exception.GlobalExceptionHandler   : Database integrity violation: could not execute statement [Unique index or primary key violation: "public.CONSTRAINT_INDEX_4 ON public.patients(phone_number NULLS FIRST) VALUES ( /* 4 */ '9999999999' )"; SQL statement:
insert into patients (age,created_at,deleted_at,gender,is_active,name,phone_number,updated_at,id) values (?,?,?,?,?,?,?,?,?) [23505-224]] [insert into patients (age,created_at,deleted_at,gender,is_active,name,phone_number,updated_at,id) values (?,?,?,?,?,?,?,?,?)]; SQL [insert into patients (age,created_at,deleted_at,gender,is_active,name,phone_number,updated_at,id) values (?,?,?,?,?,?,?,?,?)]; constraint [public.CONSTRAINT_INDEX_4]
]]></system-out>
  </testcase>
</testsuite>